<?xml version="1.0" encoding="UTF-8"?>
<!-- Generated by org.testng.reporters.JUnitXMLReporter -->
<testsuite ignored="0" hostname="DESKTOP-UQ12CTL" failures="0" tests="3" name="Default test" time="47.804" errors="0" timestamp="2024-01-07T23:01:56 IST">
  <testcase classname="KennectTestFlows.TestRunner" name="loginpageValidation" time="11.759"/>
  <testcase classname="KennectTestFlows.TestRunner" name="Home_PageValidation" time="12.0"/>
  <testcase classname="KennectTestFlows.TestRunner" name="jenkins1stJob" time="0.009"/>
</testsuite> <!-- Default test -->
