<?xml version="1.0" encoding="UTF-8"?>
<!-- Generated by org.testng.reporters.JUnitXMLReporter -->
<testsuite ignored="0" hostname="DESKTOP-UQ12CTL" failures="1" tests="2" name="Test" time="3.123" errors="0" timestamp="2024-01-07T14:31:31 IST">
  <testcase classname="KennectTestFlows.test" name="jenkins1stJob" time="0.006"/>
  <testcase classname="KennectTestFlows.test" name="jenkins1stJob" time="3.072">
    <failure type="java.lang.NullPointerException" message="Cannot invoke &amp;quot;org.openqa.selenium.JavascriptExecutor.executeScript(String, Object[])&amp;quot; because &amp;quot;j&amp;quot; is null">
      <![CDATA[java.lang.NullPointerException: Cannot invoke "org.openqa.selenium.JavascriptExecutor.executeScript(String, Object[])" because "j" is null
at com.Kennect.gui.web.pageobjects.Logoutpage.logoutmethod(Logoutpage.java:34)
at KennectTestFlows.Listners.onTestSuccess(Listners.java:41)
at java.base/java.util.ArrayList.forEach(ArrayList.java:1511)
... Removed 24 stack frames]]>
    </failure>
  </testcase> <!-- jenkins1stJob -->
</testsuite> <!-- Test -->
