<?xml version="1.0" encoding="UTF-8"?>
<testng-results ignored="0" total="3" passed="3" failed="0" skipped="0">
  <reporter-output>
  </reporter-output>
  <suite started-at="2024-01-07T23:01:08 IST" name="Default suite" finished-at="2024-01-07T23:01:56 IST" duration-ms="47804">
    <groups>
    </groups>
    <test started-at="2024-01-07T23:01:08 IST" name="Default test" finished-at="2024-01-07T23:01:56 IST" duration-ms="47804">
      <class name="KennectTestFlows.TestRunner">
        <test-method is-config="true" signature="relatedtoReports()[pri:0, instance:KennectTestFlows.TestRunner@3fa2213]" started-at="2024-01-07T23:01:08 IST" name="relatedtoReports" finished-at="2024-01-07T23:01:08 IST" duration-ms="282" status="PASS">
          <reporter-output>
          </reporter-output>
        </test-method> <!-- relatedtoReports -->
        <test-method is-config="true" signature="setup()[pri:0, instance:KennectTestFlows.TestRunner@3fa2213]" started-at="2024-01-07T23:01:08 IST" name="setup" finished-at="2024-01-07T23:01:19 IST" duration-ms="11257" status="PASS">
          <reporter-output>
          </reporter-output>
        </test-method> <!-- setup -->
        <test-method signature="loginpageValidation()[pri:0, instance:KennectTestFlows.TestRunner@3fa2213]" started-at="2024-01-07T23:01:19 IST" name="loginpageValidation" finished-at="2024-01-07T23:01:31 IST" duration-ms="11759" status="PASS">
          <reporter-output>
          </reporter-output>
        </test-method> <!-- loginpageValidation -->
        <test-method is-config="true" signature="tearDown()[pri:0, instance:KennectTestFlows.TestRunner@3fa2213]" started-at="2024-01-07T23:01:33 IST" name="tearDown" finished-at="2024-01-07T23:01:33 IST" duration-ms="349" status="PASS">
          <reporter-output>
          </reporter-output>
        </test-method> <!-- tearDown -->
        <test-method is-config="true" signature="setup()[pri:0, instance:KennectTestFlows.TestRunner@3fa2213]" started-at="2024-01-07T23:01:33 IST" name="setup" finished-at="2024-01-07T23:01:39 IST" duration-ms="6067" status="PASS">
          <reporter-output>
          </reporter-output>
        </test-method> <!-- setup -->
        <test-method signature="Home_PageValidation()[pri:1, instance:KennectTestFlows.TestRunner@3fa2213]" started-at="2024-01-07T23:01:39 IST" name="Home_PageValidation" finished-at="2024-01-07T23:01:51 IST" duration-ms="12000" status="PASS">
          <reporter-output>
          </reporter-output>
        </test-method> <!-- Home_PageValidation -->
        <test-method is-config="true" signature="tearDown()[pri:0, instance:KennectTestFlows.TestRunner@3fa2213]" started-at="2024-01-07T23:01:52 IST" name="tearDown" finished-at="2024-01-07T23:01:52 IST" duration-ms="346" status="PASS">
          <reporter-output>
          </reporter-output>
        </test-method> <!-- tearDown -->
        <test-method is-config="true" signature="setup()[pri:0, instance:KennectTestFlows.TestRunner@3fa2213]" started-at="2024-01-07T23:01:52 IST" name="setup" finished-at="2024-01-07T23:01:55 IST" duration-ms="2317" status="PASS">
          <reporter-output>
          </reporter-output>
        </test-method> <!-- setup -->
        <test-method signature="jenkins1stJob()[pri:2, instance:KennectTestFlows.TestRunner@3fa2213]" started-at="2024-01-07T23:01:55 IST" name="jenkins1stJob" finished-at="2024-01-07T23:01:55 IST" duration-ms="9" status="PASS">
          <reporter-output>
          </reporter-output>
        </test-method> <!-- jenkins1stJob -->
        <test-method is-config="true" signature="tearDown()[pri:0, instance:KennectTestFlows.TestRunner@3fa2213]" started-at="2024-01-07T23:01:56 IST" name="tearDown" finished-at="2024-01-07T23:01:56 IST" duration-ms="228" status="PASS">
          <reporter-output>
          </reporter-output>
        </test-method> <!-- tearDown -->
      </class> <!-- KennectTestFlows.TestRunner -->
    </test> <!-- Default test -->
  </suite> <!-- Default suite -->
</testng-results>
